Running: C:\Xilinx\14.7\ISE_DS\ISE\bin\nt64\unwrapped\fuse.exe -intstyle ise -incremental -lib unisims_ver -lib unimacro_ver -lib xilinxcorelib_ver -lib secureip -o C:/Users/subhi/Documents/CDA4203 - System Design/Lab5/FSM_tb_isim_beh.exe -prj C:/Users/subhi/Documents/CDA4203 - System Design/Lab5/FSM_tb_beh.prj work.FSM_tb work.glbl 
ISim P.20131013 (signature 0x7708f090)
Number of CPUs detected in this system: 8
Turning on mult-threading, number of parallel sub-compilation jobs: 16 
Determining compilation order of HDL files
Analyzing Verilog file "C:/Users/subhi/Documents/CDA4203 - System Design/Lab5/Controller.v" into library work
Analyzing Verilog file "C:/Users/subhi/Documents/CDA4203 - System Design/Lab5/FSM.v" into library work
Analyzing Verilog file "C:/Users/subhi/Documents/CDA4203 - System Design/Lab5/FSM_tb.v" into library work
Analyzing Verilog file "C:/Xilinx/14.7/ISE_DS/ISE//verilog/src/glbl.v" into library work
Starting static elaboration
Completed static elaboration
Compiling module Controller
Compiling module dff
Compiling module mux_21_beh
Compiling module NEQ
Compiling module less_than
Compiling module Subt
Compiling module FSM
Compiling module FSM_tb
Compiling module glbl
Time Resolution for simulation is 1ps.
Compiled 9 Verilog Units
Built simulation executable C:/Users/subhi/Documents/CDA4203 - System Design/Lab5/FSM_tb_isim_beh.exe
Fuse Memory Usage: 27300 KB
Fuse CPU Usage: 359 ms
